Assembler report for TIAMC1
Wed May 18 21:56:16 2022
Quartus Prime Version 17.0.2 Build 602 07/19/2017 SJ Standard Edition


---------------------
; Table of Contents ;
---------------------
  1. Legal Notice
  2. Assembler Summary
  3. Assembler Settings
  4. Assembler Generated Files
  5. Assembler Device Options: C:/Users/aberu/OneDrive/Documents/GitHub/Arcade-TIAMC1_MiSTer/output_files/TIAMC1.sof
  6. Assembler Device Options: C:/Users/aberu/OneDrive/Documents/GitHub/Arcade-TIAMC1_MiSTer/output_files/TIAMC1.rbf
  7. Assembler Messages



----------------
; Legal Notice ;
----------------
Copyright (C) 2017  Intel Corporation. All rights reserved.
Your use of Intel Corporation's design tools, logic functions 
and other software and tools, and its AMPP partner logic 
functions, and any output files from any of the foregoing 
(including device programming or simulation files), and any 
associated documentation or information are expressly subject 
to the terms and conditions of the Intel Program License 
Subscription Agreement, the Intel Quartus Prime License Agreement,
the Intel MegaCore Function License Agreement, or other 
applicable license agreement, including, without limitation, 
that your use is for the sole purpose of programming logic 
devices manufactured by Intel and sold by Intel or its 
authorized distributors.  Please refer to the applicable 
agreement for further details.



+---------------------------------------------------------------+
; Assembler Summary                                             ;
+-----------------------+---------------------------------------+
; Assembler Status      ; Successful - Wed May 18 21:56:16 2022 ;
; Revision Name         ; TIAMC1                                ;
; Top-level Entity Name ; sys_top                               ;
; Family                ; Cyclone V                             ;
; Device                ; 5CSEBA6U23I7                          ;
+-----------------------+---------------------------------------+


+----------------------------------+
; Assembler Settings               ;
+--------+---------+---------------+
; Option ; Setting ; Default Value ;
+--------+---------+---------------+


+---------------------------------------------------------------------------------------+
; Assembler Generated Files                                                             ;
+---------------------------------------------------------------------------------------+
; File Name                                                                             ;
+---------------------------------------------------------------------------------------+
; C:/Users/aberu/OneDrive/Documents/GitHub/Arcade-TIAMC1_MiSTer/output_files/TIAMC1.sof ;
; C:/Users/aberu/OneDrive/Documents/GitHub/Arcade-TIAMC1_MiSTer/output_files/TIAMC1.rbf ;
+---------------------------------------------------------------------------------------+


+-----------------------------------------------------------------------------------------------------------------+
; Assembler Device Options: C:/Users/aberu/OneDrive/Documents/GitHub/Arcade-TIAMC1_MiSTer/output_files/TIAMC1.sof ;
+----------------+------------------------------------------------------------------------------------------------+
; Option         ; Setting                                                                                        ;
+----------------+------------------------------------------------------------------------------------------------+
; JTAG usercode  ; 0x06C78EB1                                                                                     ;
; Checksum       ; 0x06C78EB1                                                                                     ;
+----------------+------------------------------------------------------------------------------------------------+


+-----------------------------------------------------------------------------------------------------------------+
; Assembler Device Options: C:/Users/aberu/OneDrive/Documents/GitHub/Arcade-TIAMC1_MiSTer/output_files/TIAMC1.rbf ;
+---------------------+-------------------------------------------------------------------------------------------+
; Option              ; Setting                                                                                   ;
+---------------------+-------------------------------------------------------------------------------------------+
; Raw Binary File     ;                                                                                           ;
;  Compression Ratio  ; 2                                                                                         ;
+---------------------+-------------------------------------------------------------------------------------------+


+--------------------+
; Assembler Messages ;
+--------------------+
Info: *******************************************************************
Info: Running Quartus Prime Assembler
    Info: Version 17.0.2 Build 602 07/19/2017 SJ Standard Edition
    Info: Processing started: Wed May 18 21:55:51 2022
Info: Command: quartus_asm --read_settings_files=off --write_settings_files=off tiamc1 -c TIAMC1
Info (115030): Assembler is generating device programming files
Info: Quartus Prime Assembler was successful. 0 errors, 0 warnings
    Info: Peak virtual memory: 5151 megabytes
    Info: Processing ended: Wed May 18 21:56:17 2022
    Info: Elapsed time: 00:00:26
    Info: Total CPU time (on all processors): 00:00:25


